<?xml version="1.0" encoding="UTF-8"?>
<!-- Generated by org.testng.reporters.JUnitReportReporter -->
<testsuite skipped="0" hostname="LAPTOP-SDLQ3M27" name="PagesTestCases.PracticePageTestCase" tests="5" failures="0" timestamp="2021-03-06T18:49:32 IST" time="41.369" errors="0">
  <testcase name="ClickOnRadiobutton1" time="10.085" classname="PagesTestCases.PracticePageTestCase"/>
  <system-out/>
  <testcase name="SuggessionClassExample" time="7.688" classname="PagesTestCases.PracticePageTestCase"/>
  <system-out/>
  <testcase name="Dropdown" time="7.313" classname="PagesTestCases.PracticePageTestCase"/>
  <system-out/>
  <testcase name="Checkbox1" time="8.030" classname="PagesTestCases.PracticePageTestCase"/>
  <system-out/>
  <testcase name="WindowHandling" time="8.253" classname="PagesTestCases.PracticePageTestCase"/>
  <system-out/>
</testsuite> <!-- PagesTestCases.PracticePageTestCase -->
